c:\users\academic (dlsu)\source\repos\csopesy-marquee-console\csopesy-marquee-console\x64\release\vc143.pdb
c:\users\academic (dlsu)\source\repos\csopesy-marquee-console\csopesy-marquee-console\x64\release\commandinterpreter.nativecodeanalysis.sarif
c:\users\academic (dlsu)\source\repos\csopesy-marquee-console\csopesy-marquee-console\x64\release\commandinterpreter.nativecodeanalysis.xml
c:\users\academic (dlsu)\source\repos\csopesy-marquee-console\csopesy-marquee-console\x64\release\commandfunctions.nativecodeanalysis.sarif
c:\users\academic (dlsu)\source\repos\csopesy-marquee-console\csopesy-marquee-console\x64\release\commandfunctions.nativecodeanalysis.xml
c:\users\academic (dlsu)\source\repos\csopesy-marquee-console\csopesy-marquee-console\x64\release\threadfunctions.nativecodeanalysis.sarif
c:\users\academic (dlsu)\source\repos\csopesy-marquee-console\csopesy-marquee-console\x64\release\threadfunctions.nativecodeanalysis.xml
c:\users\academic (dlsu)\source\repos\csopesy-marquee-console\csopesy-marquee-console\x64\release\utilityfunctions.nativecodeanalysis.sarif
c:\users\academic (dlsu)\source\repos\csopesy-marquee-console\csopesy-marquee-console\x64\release\utilityfunctions.nativecodeanalysis.xml
c:\users\academic (dlsu)\source\repos\csopesy-marquee-console\csopesy-marquee-console\x64\release\variables.nativecodeanalysis.sarif
c:\users\academic (dlsu)\source\repos\csopesy-marquee-console\csopesy-marquee-console\x64\release\variables.nativecodeanalysis.xml
c:\users\academic (dlsu)\source\repos\csopesy-marquee-console\csopesy-marquee-console\x64\release\variables.obj
c:\users\academic (dlsu)\source\repos\csopesy-marquee-console\csopesy-marquee-console\x64\release\utilityfunctions.obj
c:\users\academic (dlsu)\source\repos\csopesy-marquee-console\csopesy-marquee-console\x64\release\threadfunctions.obj
c:\users\academic (dlsu)\source\repos\csopesy-marquee-console\csopesy-marquee-console\x64\release\commandfunctions.obj
c:\users\academic (dlsu)\source\repos\csopesy-marquee-console\csopesy-marquee-console\x64\release\commandinterpreter.obj
c:\users\academic (dlsu)\source\repos\csopesy-marquee-console\x64\release\csopesy-marquee-console.exe
c:\users\academic (dlsu)\source\repos\csopesy-marquee-console\x64\release\csopesy-marquee-console.pdb
c:\users\academic (dlsu)\source\repos\csopesy-marquee-console\csopesy-marquee-console\x64\release\csopesy-marquee-console.ipdb
c:\users\academic (dlsu)\source\repos\csopesy-marquee-console\csopesy-marquee-console\x64\release\csopesy-marquee-console.iobj
c:\users\academic (dlsu)\source\repos\csopesy-marquee-console\csopesy-marquee-console\x64\release\vc.nativecodeanalysis.all.xml
c:\users\academic (dlsu)\source\repos\csopesy-marquee-console\csopesy-marquee-console\x64\release\csopesy-.8faccee4.tlog\cl.command.1.tlog
c:\users\academic (dlsu)\source\repos\csopesy-marquee-console\csopesy-marquee-console\x64\release\csopesy-.8faccee4.tlog\cl.items.tlog
c:\users\academic (dlsu)\source\repos\csopesy-marquee-console\csopesy-marquee-console\x64\release\csopesy-.8faccee4.tlog\cl.read.1.tlog
c:\users\academic (dlsu)\source\repos\csopesy-marquee-console\csopesy-marquee-console\x64\release\csopesy-.8faccee4.tlog\cl.write.1.tlog
c:\users\academic (dlsu)\source\repos\csopesy-marquee-console\csopesy-marquee-console\x64\release\csopesy-.8faccee4.tlog\link.command.1.tlog
c:\users\academic (dlsu)\source\repos\csopesy-marquee-console\csopesy-marquee-console\x64\release\csopesy-.8faccee4.tlog\link.read.1.tlog
c:\users\academic (dlsu)\source\repos\csopesy-marquee-console\csopesy-marquee-console\x64\release\csopesy-.8faccee4.tlog\link.secondary.1.tlog
c:\users\academic (dlsu)\source\repos\csopesy-marquee-console\csopesy-marquee-console\x64\release\csopesy-.8faccee4.tlog\link.write.1.tlog
